P-CAD 2001 PCB (6/400) Version 16.00.56 Routing Log File

======================================================================

Input file:    C:\Users\Kiril\Documents\РС\Универ\2 курс\4 семестр\PPP
\Labs\PLACE2.PCB
Output file:   C:\Users\Kiril\Documents\РС\Универ\2 курс\4 семестр\PPP
\Labs\quick2.pcb
Strategy file: C:\Users\Kiril\Documents\РС\Универ\2 курс\4 семестр\PPP
\Labs\quick2.str

All dimensions are in mms unless stated.

Routed by:     Quick Route

Start time:    09:51:50 02-Jun-17

Free memory:   -1

Strategy selections:

  Routing grid:                0.635 


Layer selections:

  Signal Bias or    Plane                        Clearances
  Layer  Selection  Net Name          P-P   P-L   L-L   V-P   V-L   V-
V
  ------ ---------- ---------------- ----- ----- ----- ----- ----- ---
--
  Top    Hor                            13    13    13    13    13    
13
  Bottom Ver                            13    13    13    13    13    
13
  --------------------------------------------------------------------
--


  * Selected by router.


Net classes:

    Net                                          Max
   Class  Width     Via Padstack     Prio Layer  Vias Notes
  ------- ----- -------------------- ---- ------ ---- -----
  Default 0.305 (Default)               1 All      *       
  ---------------------------------------------------------
  Notes: F = Fixed, do not ripup.
         N = Do not route.
         W = Use wide pass.


Scheduled pass selection:

  Pass                    Net Classes
  Num  Pass Name          DFT
  ---- ------------------ -----------
    1  Wide line routing   x 
    2  Horizontal          x 
    3  Vertical            x 

----------------------------------------------------------------------

02-Jun-17  09:51                                            Page    1

P-CAD 2001 PCB (6/400) Version 16.00.56 Routing Log File

======================================================================

    4  'L' routes          x 
    5  'Z' routes          x 
    6  'C' routes          x 
    7  Any node (2 vias)   x 
    8  Maze                x 
    9  Any node (maze)     x 
   10  Any node (maze)       
  -----------------------------------

  * Selected by router.















































----------------------------------------------------------------------

02-Jun-17  09:51                                            Page    2

P-CAD 2001 PCB (6/400) Version 16.00.56 Routing Log File

======================================================================

71 total connections on the board.

Pass Performance Summary:

 Net class: Default  Width: 0.305mm       Via Padstack: (Default)     
      
  Wide line routing      Pass Num:   1    Overall
  ---------------------- ---------------- ---------
  Routes                                         71
    Completed                    0 (100%)         0 (  0%)
    Not completed                0 (100%)        71
  Vias                           0 (100%)         0
  Elapsed time             0:00:00 (  0%)   0:00:01
  -------------------------------------------------


 Net class: Default  Width: 0.305mm       Via Padstack: (Default)     
      
  Horizontal             Pass Num:   2    Overall
  ---------------------- ---------------- ---------
  Routes                                         71
    Completed                   30 (100%)        30 ( 42%)
    Not completed                0 (  0%)        41
  Vias                           0 (100%)         0
  Elapsed time             0:00:00 (  0%)   0:00:01
  -------------------------------------------------


 Net class: Default  Width: 0.305mm       Via Padstack: (Default)     
      
  Vertical               Pass Num:   3    Overall
  ---------------------- ---------------- ---------
  Routes                                         71
    Completed                   17 (100%)        47 ( 66%)
    Not completed                0 (  0%)        24
  Vias                           0 (100%)         0
  Elapsed time             0:00:00 (  0%)   0:00:01
  -------------------------------------------------


 Net class: Default  Width: 0.305mm       Via Padstack: (Default)     
      
  'L' routes             Pass Num:   4    Overall
  ---------------------- ---------------- ---------
  Routes                                         71
    Completed                   18 (100%)        65 ( 91%)
    Not completed                0 (  0%)         6
  Vias                          18 (100%)        18
  Elapsed time             0:00:00 (  0%)   0:00:01
  -------------------------------------------------


 Net class: Default  Width: 0.305mm       Via Padstack: (Default)     
      
  'Z' routes             Pass Num:   5    Overall
  ---------------------- ---------------- ---------
  Routes                                         71
    Completed                    1 (100%)        66 ( 92%)

----------------------------------------------------------------------

02-Jun-17  09:51                                            Page    3

P-CAD 2001 PCB (6/400) Version 16.00.56 Routing Log File

======================================================================

    Not completed                0 (  0%)         5
  Vias                           2 ( 10%)        20
  Elapsed time             0:00:01 ( 50%)   0:00:02
  -------------------------------------------------


 Net class: Default  Width: 0.305mm       Via Padstack: (Default)     
      
  'C' routes             Pass Num:   6    Overall
  ---------------------- ---------------- ---------
  Routes                                         71
    Completed                    1 (100%)        67 ( 94%)
    Not completed                0 (  0%)         4
  Vias                           2 (  9%)        22
  Elapsed time             0:00:00 (  0%)   0:00:02
  -------------------------------------------------


 Net class: Default  Width: 0.305mm       Via Padstack: (Default)     
      
  Any node (2 vias)      Pass Num:   7    Overall
  ---------------------- ---------------- ---------
  Routes                                         71
    Completed                    1 (100%)        68 ( 95%)
    Not completed                0 (  0%)         3
  Vias                           1 (  4%)        23
  Elapsed time             0:00:00 (  0%)   0:00:02
  -------------------------------------------------


 Net class: Default  Width: 0.305mm       Via Padstack: (Default)     
      
  Maze                   Pass Num:   8    Overall
  ---------------------- ---------------- ---------
  Routes                                         71
    Completed                    3 (100%)        71 (100%)
    Not completed                0 (  0%)         0
  Vias                           9 ( 28%)        32
  Elapsed time             0:00:01 ( 33%)   0:00:03
  -------------------------------------------------


 Net class: Default  Width: 0.305mm       Via Padstack: (Default)     
      
  Any node (maze)        Pass Num:   9    Overall
  ---------------------- ---------------- ---------
  Routes                                         71
    Completed                    0 (100%)        71 (100%)
    Not completed                0 (100%)         0
  Vias                           0 (  0%)        32
  Elapsed time             0:00:00 (  0%)   0:00:03
  -------------------------------------------------



Final statistics:


----------------------------------------------------------------------

02-Jun-17  09:51                                            Page    4

P-CAD 2001 PCB (6/400) Version 16.00.56 Routing Log File

======================================================================

  Board:
    Physical dimensions (   cms):            6.030 by 6.030
    Routing area (square    cms):           36.367
    Total pads in file:                    108
    Equivalent 16-pin ICs (EICs):            6.750
    Density (square    cms per EIC):         5.388
  Routing performance:
    Vias total:                             32 ( 29% of total pads)
    Vias added:                             32 (100% of total vias)
    Routed connections (this run):          71
    Routed connections (total):             71 (100%)
    Unrouted connections (total):            0 (  0%)
    Total routing time:                0:00:03

Start time:       09:51:50 02-Jun-17
Completion time:  09:51:53 02-Jun-17
Free memory:      -1

End of log file.
